  Main.cpp
E:\GitHubDeskTop_\Ticketing-System\DataStructureCourseDesign\Tickets\Main.cpp(1,1): warning C4828: 文件包含在偏移 0xa5 处开始的字符，该字符在当前源字符集中无效(代码页 936)。
E:\GitHubDeskTop_\Ticketing-System\DataStructureCourseDesign\Tickets\Basic.h(28,22): warning C4267: “初始化”: 从“size_t”转换到“int”，可能丢失数据
E:\GitHubDeskTop_\Ticketing-System\DataStructureCourseDesign\Tickets\Basic.h(36,36): warning C4244: “初始化”: 从“unsigned __int64”转换到“double”，可能丢失数据
E:\GitHubDeskTop_\Ticketing-System\DataStructureCourseDesign\Tickets\Check.h(27,13): warning C4267: “初始化”: 从“size_t”转换到“int”，可能丢失数据
E:\GitHubDeskTop_\Ticketing-System\DataStructureCourseDesign\Tickets\Check.h(38,13): warning C4267: “初始化”: 从“size_t”转换到“int”，可能丢失数据
E:\GitHubDeskTop_\Ticketing-System\DataStructureCourseDesign\Tickets\Check.h(56,13): warning C4267: “初始化”: 从“size_t”转换到“int”，可能丢失数据
E:\GitHubDeskTop_\Ticketing-System\DataStructureCourseDesign\Tickets\Check.h(66,13): warning C4267: “初始化”: 从“size_t”转换到“int”，可能丢失数据
E:\GitHubDeskTop_\Ticketing-System\DataStructureCourseDesign\Tickets\Check.h(76,11): warning C4267: “初始化”: 从“size_t”转换到“int”，可能丢失数据
E:\GitHubDeskTop_\Ticketing-System\DataStructureCourseDesign\Tickets\Check.h(85,11): warning C4267: “初始化”: 从“size_t”转换到“int”，可能丢失数据
E:\GitHubDeskTop_\Ticketing-System\DataStructureCourseDesign\Tickets\Trie.h(26,13): warning C4267: “初始化”: 从“size_t”转换到“int”，可能丢失数据
E:\GitHubDeskTop_\Ticketing-System\DataStructureCourseDesign\Tickets\Trie.h(37,13): warning C4267: “初始化”: 从“size_t”转换到“int”，可能丢失数据
E:\GitHubDeskTop_\Ticketing-System\DataStructureCourseDesign\Tickets\Trie.h(48,13): warning C4267: “初始化”: 从“size_t”转换到“int”，可能丢失数据
E:\GitHubDeskTop_\Ticketing-System\DataStructureCourseDesign\Tickets\Trie.h(59,13): warning C4267: “初始化”: 从“size_t”转换到“int”，可能丢失数据
E:\GitHubDeskTop_\Ticketing-System\DataStructureCourseDesign\Tickets\People.h(49,11): warning C4267: “初始化”: 从“size_t”转换到“int”，可能丢失数据
E:\GitHubDeskTop_\Ticketing-System\DataStructureCourseDesign\Tickets\People.h(62,13): warning C4267: “初始化”: 从“size_t”转换到“int”，可能丢失数据
E:\GitHubDeskTop_\Ticketing-System\DataStructureCourseDesign\Tickets\Plane.h(57,11): warning C4267: “初始化”: 从“size_t”转换到“int”，可能丢失数据
E:\GitHubDeskTop_\Ticketing-System\DataStructureCourseDesign\Tickets\Plane.h(95,11): warning C4267: “初始化”: 从“size_t”转换到“int”，可能丢失数据
E:\GitHubDeskTop_\Ticketing-System\DataStructureCourseDesign\Tickets\Train.h(79,11): warning C4267: “初始化”: 从“size_t”转换到“int”，可能丢失数据
E:\GitHubDeskTop_\Ticketing-System\DataStructureCourseDesign\Tickets\Train.h(94,11): warning C4267: “初始化”: 从“size_t”转换到“int”，可能丢失数据
E:\GitHubDeskTop_\Ticketing-System\DataStructureCourseDesign\Tickets\Function.h(159,26): warning C4244: “初始化”: 从“double”转换到“int”，可能丢失数据
E:\GitHubDeskTop_\Ticketing-System\DataStructureCourseDesign\Tickets\Function.h(177,97): warning C4244: “=”: 从“double”转换到“int”，可能丢失数据
E:\GitHubDeskTop_\Ticketing-System\DataStructureCourseDesign\Tickets\Show.h(826): warning C4715: “UI::Passenger”: 不是所有的控件路径都返回值
  Tickets.vcxproj -> E:\GitHubDeskTop_\Ticketing-System\DataStructureCourseDesign\Tickets\x64\Debug\Tickets.exe
